<?xml version="1.0" encoding="UTF-8"?>
<testng-results ignored="0" total="3" passed="3" failed="0" skipped="0">
  <reporter-output>
  </reporter-output>
  <suite started-at="2023-02-08T17:09:40 IST" name="Default suite" finished-at="2023-02-08T17:09:58 IST" duration-ms="17775">
    <groups>
    </groups>
    <test started-at="2023-02-08T17:09:40 IST" name="Default test" finished-at="2023-02-08T17:09:58 IST" duration-ms="17775">
      <class name="finalc.finalclass">
        <test-method signature="launch()[pri:0, instance:finalc.finalclass@d6e7bab]" started-at="2023-02-08T17:09:40 IST" name="launch" finished-at="2023-02-08T17:09:55 IST" duration-ms="14413" status="PASS">
          <reporter-output>
          </reporter-output>
        </test-method> <!-- launch -->
        <test-method signature="al()[pri:1, instance:finalc.finalclass@d6e7bab]" started-at="2023-02-08T17:09:55 IST" name="al" finished-at="2023-02-08T17:09:56 IST" duration-ms="1252" status="PASS">
          <reporter-output>
          </reporter-output>
        </test-method> <!-- al -->
        <test-method signature="dd()[pri:2, instance:finalc.finalclass@d6e7bab]" started-at="2023-02-08T17:09:56 IST" name="dd" finished-at="2023-02-08T17:09:58 IST" duration-ms="2046" status="PASS">
          <reporter-output>
          </reporter-output>
        </test-method> <!-- dd -->
      </class> <!-- finalc.finalclass -->
    </test> <!-- Default test -->
  </suite> <!-- Default suite -->
</testng-results>
